#0 building with "desktop-linux" instance using docker driver

#1 [internal] load build definition from Dockerfile
#1 transferring dockerfile: 30B 0.1s
#1 transferring dockerfile: 724B 0.4s done
#1 DONE 0.5s

#2 [internal] load metadata for docker.io/library/node:20-alpine
#2 DONE 5.4s

#3 [internal] load .dockerignore
#3 transferring context:
#3 transferring context: 2B 0.1s done
#3 DONE 2.5s

#4 [builder 1/6] FROM docker.io/library/node:20-alpine@sha256:fb4cd12c85ee03686f6af5362a0b0d56d50c58a04632e6c0fb8363f609372293
#4 resolve docker.io/library/node:20-alpine@sha256:fb4cd12c85ee03686f6af5362a0b0d56d50c58a04632e6c0fb8363f609372293 0.2s done
#4 DONE 0.3s

#4 [builder 1/6] FROM docker.io/library/node:20-alpine@sha256:fb4cd12c85ee03686f6af5362a0b0d56d50c58a04632e6c0fb8363f609372293
#4 CACHED

#5 [2/6] RUN apk add --no-cache   python3   make   g++   ca-certificates
#5 ...

#6 [internal] load build context
#6 transferring context: 1.03MB 5.0s
#6 transferring context: 2.02MB 10.4s
#6 transferring context: 2.33MB 15.5s
#6 transferring context: 2.60MB 20.7s
#6 transferring context: 3.54MB 25.9s
#6 transferring context: 5.54MB 30.9s
#6 ...

#5 [2/6] RUN apk add --no-cache   python3   make   g++   ca-certificates
#5 32.99 ( 1/30) Installing ca-certificates (20260413-r0)
#5 34.26 ( 2/30) Installing libstdc++-dev (15.2.0-r2)
#5 ...

#6 [internal] load build context
#6 transferring context: 11.23MB 38.3s
#6 transferring context: 17.76MB 43.4s
#6 ...

#5 [2/6] RUN apk add --no-cache   python3   make   g++   ca-certificates
#5 44.53 ( 3/30) Installing jansson (2.14.1-r0)
#5 44.64 ( 4/30) Installing zstd-libs (1.5.7-r2)
#5 44.83 ( 5/30) Installing binutils (2.45.1-r0)
#5 48.14 ( 6/30) Installing libgomp (15.2.0-r2)
#5 48.31 ( 7/30) Installing libatomic (15.2.0-r2)
#5 48.38 ( 8/30) Installing gmp (6.3.0-r4)
#5 48.54 ( 9/30) Installing isl26 (0.26-r1)
#5 49.54 (10/30) Installing mpfr4 (4.2.2-r0)
#5 49.99 (11/30) Installing mpc1 (1.3.1-r1)
#5 50.15 (12/30) Installing gcc (15.2.0-r2)
#5 ...

#6 [internal] load build context
#6 transferring context: 25.22MB 50.4s
#6 transferring context: 27.00MB 55.5s
#6 transferring context: 28.66MB 60.6s
#6 transferring context: 30.92MB 65.7s
#6 transferring context: 34.37MB 70.7s
#6 transferring context: 35.78MB 75.7s
#6 transferring context: 37.99MB 80.7s
#6 transferring context: 41.98MB 85.7s
#6 transferring context: 42.91MB 90.9s
#6 transferring context: 43.68MB 96.1s
#6 transferring context: 46.54MB 101.3s
#6 transferring context: 48.36MB 106.3s
#6 transferring context: 49.15MB 111.4s
#6 transferring context: 51.99MB 116.4s
#6 transferring context: 53.13MB 121.6s
#6 transferring context: 54.47MB 126.6s
#6 transferring context: 56.16MB 131.7s
#6 ...

#5 [2/6] RUN apk add --no-cache   python3   make   g++   ca-certificates
#5 133.9 (13/30) Installing musl-dev (1.2.5-r23)
#5 136.6 (14/30) Installing g++ (15.2.0-r2)
#5 ...

#6 [internal] load build context
#6 transferring context: 58.97MB 139.0s
#6 ...

#5 [2/6] RUN apk add --no-cache   python3   make   g++   ca-certificates
#5 143.2 (15/30) Installing make (4.4.1-r3)
#5 143.3 (16/30) Installing libbz2 (1.0.8-r6)
#5 143.4 (17/30) Installing libexpat (2.7.5-r0)
#5 143.5 (18/30) Installing libffi (3.5.2-r0)
#5 143.5 (19/30) Installing gdbm (1.26-r0)
#5 143.6 (20/30) Installing xz-libs (5.8.3-r0)
#5 143.7 (21/30) Installing mpdecimal (4.0.1-r0)
#5 143.7 (22/30) Installing ncurses-terminfo-base (6.5_p20251123-r0)
#5 144.0 (23/30) Installing libncursesw (6.5_p20251123-r0)
#5 144.1 (24/30) Installing libpanelw (6.5_p20251123-r0)
#5 144.1 (25/30) Installing readline (8.3.1-r0)
#5 144.3 (26/30) Installing sqlite-libs (3.51.2-r0)
#5 144.6 (27/30) Installing python3 (3.12.13-r0)
#5 148.7 (28/30) Installing python3-pycache-pyc0 (3.12.13-r0)
#5 ...

#6 [internal] load build context
#6 transferring context: 74.42MB 149.5s
#6 ...

#5 [2/6] RUN apk add --no-cache   python3   make   g++   ca-certificates
#5 151.2 (29/30) Installing pyc (3.12.13-r0)
#5 151.2 (30/30) Installing python3-pyc (3.12.13-r0)
#5 151.2 Executing busybox-1.37.0-r30.trigger
#5 151.4 Executing ca-certificates-20260413-r0.trigger
#5 152.4 OK: 301.4 MiB in 48 packages
#5 ...

#6 [internal] load build context
#6 transferring context: 95.70MB 156.5s
#6 ...

#5 [2/6] RUN apk add --no-cache   python3   make   g++   ca-certificates
#5 DONE 156.6s

#6 [internal] load build context
#6 ...

#7 [3/6] WORKDIR /app
#7 DONE 0.5s

#6 [internal] load build context
#6 transferring context: 96.55MB 157.6s done
#6 DONE 158.2s

#8 [4/6] COPY . .
#8 DONE 11.2s

#9 [5/6] RUN npm ci --frozen-lockfile
#9 6.029 npm error code EUSAGE
#9 6.034 npm error
#9 6.034 npm error `npm ci` can only install packages when your package.json and package-lock.json or npm-shrinkwrap.json are in sync. Please update your lock file with `npm install` before continuing.
#9 6.034 npm error
#9 6.034 npm error Missing: @types/better-sqlite3@7.6.13 from lock file
#9 6.034 npm error Missing: better-sqlite3@9.6.0 from lock file
#9 6.034 npm error Missing: bindings@1.5.0 from lock file
#9 6.034 npm error Missing: prebuild-install@7.1.3 from lock file
#9 6.034 npm error Missing: file-uri-to-path@1.0.0 from lock file
#9 6.034 npm error Missing: detect-libc@2.1.2 from lock file
#9 6.034 npm error Missing: expand-template@2.0.3 from lock file
#9 6.034 npm error Missing: github-from-package@0.0.0 from lock file
#9 6.034 npm error Missing: mkdirp-classic@0.5.3 from lock file
#9 6.034 npm error Missing: napi-build-utils@2.0.0 from lock file
#9 6.034 npm error Missing: node-abi@3.92.0 from lock file
#9 6.034 npm error Missing: pump@3.0.4 from lock file
#9 6.034 npm error Missing: rc@1.2.8 from lock file
#9 6.034 npm error Missing: simple-get@4.0.1 from lock file
#9 6.034 npm error Missing: tar-fs@2.1.4 from lock file
#9 6.034 npm error Missing: tunnel-agent@0.6.0 from lock file
#9 6.034 npm error Missing: semver@7.8.4 from lock file
#9 6.034 npm error Missing: end-of-stream@1.4.5 from lock file
#9 6.034 npm error Missing: deep-extend@0.6.0 from lock file
#9 6.034 npm error Missing: ini@1.3.8 from lock file
#9 6.034 npm error Missing: strip-json-comments@2.0.1 from lock file
#9 6.034 npm error Missing: decompress-response@6.0.0 from lock file
#9 6.034 npm error Missing: simple-concat@1.0.1 from lock file
#9 6.034 npm error Missing: mimic-response@3.1.0 from lock file
#9 6.034 npm error Missing: chownr@1.1.4 from lock file
#9 6.034 npm error Missing: tar-stream@2.2.0 from lock file
#9 6.034 npm error Missing: bl@4.1.0 from lock file
#9 6.034 npm error Missing: fs-constants@1.0.0 from lock file
#9 6.034 npm error Missing: readable-stream@3.6.2 from lock file
#9 6.034 npm error Missing: buffer@5.7.1 from lock file
#9 6.034 npm error Missing: base64-js@1.5.1 from lock file
#9 6.034 npm error Missing: ieee754@1.2.1 from lock file
#9 6.034 npm error Missing: string_decoder@1.3.0 from lock file
#9 6.034 npm error Missing: util-deprecate@1.0.2 from lock file
#9 6.034 npm error
#9 6.034 npm error Clean install a project
#9 6.034 npm error
#9 6.034 npm error Usage:
#9 6.034 npm error npm ci
#9 6.034 npm error
#9 6.034 npm error Options:
#9 6.034 npm error [--install-strategy <hoisted|nested|shallow|linked>] [--legacy-bundling]
#9 6.034 npm error [--global-style] [--omit <dev|optional|peer> [--omit <dev|optional|peer> ...]]
#9 6.034 npm error [--include <prod|dev|optional|peer> [--include <prod|dev|optional|peer> ...]]
#9 6.034 npm error [--strict-peer-deps] [--foreground-scripts] [--ignore-scripts] [--no-audit]
#9 6.034 npm error [--no-bin-links] [--no-fund] [--dry-run]
#9 6.034 npm error [-w|--workspace <workspace-name> [-w|--workspace <workspace-name> ...]]
#9 6.034 npm error [-ws|--workspaces] [--include-workspace-root] [--install-links]
#9 6.034 npm error
#9 6.034 npm error aliases: clean-install, ic, install-clean, isntall-clean
#9 6.034 npm error
#9 6.034 npm error Run "npm help ci" for more info
#9 6.035 npm notice
#9 6.035 npm notice New major version of npm available! 10.8.2 -> 11.17.0
#9 6.035 npm notice Changelog: https://github.com/npm/cli/releases/tag/v11.17.0
#9 6.035 npm notice To update run: npm install -g npm@11.17.0
#9 6.035 npm notice
#9 6.037 npm error A complete log of this run can be found in: /root/.npm/_logs/2026-06-14T06_12_48_138Z-debug-0.log
#9 ERROR: process "/bin/sh -c npm ci --frozen-lockfile" did not complete successfully: exit code: 1
------
 > [5/6] RUN npm ci --frozen-lockfile:
6.034 npm error
6.034 npm error aliases: clean-install, ic, install-clean, isntall-clean
6.034 npm error
6.034 npm error Run "npm help ci" for more info
6.035 npm notice
6.035 npm notice New major version of npm available! 10.8.2 -> 11.17.0
6.035 npm notice Changelog: https://github.com/npm/cli/releases/tag/v11.17.0
6.035 npm notice To update run: npm install -g npm@11.17.0
6.035 npm notice
6.037 npm error A complete log of this run can be found in: /root/.npm/_logs/2026-06-14T06_12_48_138Z-debug-0.log
------
Dockerfile:25
--------------------
  23 |     
  24 |     # Install dependencies (lockfile pinning)
  25 | >>> RUN npm ci --frozen-lockfile
  26 |     
  27 |     # Build TypeScript (deterministic)
--------------------
ERROR: failed to build: failed to solve: process "/bin/sh -c npm ci --frozen-lockfile" did not complete successfully: exit code: 1

View build details: docker-desktop://dashboard/build/desktop-linux/desktop-linux/tbz4voyf8dyd2v3b98f61huv6
