#0 building with "desktop-linux" instance using docker driver

#1 [internal] load build definition from Dockerfile
#1 transferring dockerfile: 688B 0.2s
#1 transferring dockerfile: 692B 0.2s done
#1 DONE 0.3s

#2 [internal] load metadata for docker.io/library/node:20-alpine
#2 DONE 1.0s

#3 [internal] load .dockerignore
#3 transferring context:
#3 transferring context: 2B 0.0s done
#3 DONE 0.3s

#4 [builder 1/6] FROM docker.io/library/node:20-alpine@sha256:fb4cd12c85ee03686f6af5362a0b0d56d50c58a04632e6c0fb8363f609372293
#4 resolve docker.io/library/node:20-alpine@sha256:fb4cd12c85ee03686f6af5362a0b0d56d50c58a04632e6c0fb8363f609372293 0.2s done
#4 CACHED

#5 [internal] load build context
#5 DONE 0.0s

#5 [internal] load build context
#5 transferring context: 173.59kB 4.2s
#5 transferring context: 227.63kB 53.7s
#5 transferring context: 227.64kB 53.8s done
#5 DONE 54.1s

#6 [2/6] RUN apk add --no-cache   python3   make   g++   ca-certificates
#6 CACHED

#7 [3/6] WORKDIR /app
#7 CACHED

#8 [4/6] COPY . .
#8 DONE 20.6s

#9 [5/6] RUN npm install
#9 485.6 npm warn deprecated inflight@1.0.6: This module is not supported, and leaks memory. Do not use it. Check out lru-cache if you want a good and tested way to coalesce async requests by a key value, which is much more comprehensive and powerful.
#9 516.3 npm warn deprecated glob@7.2.3: Old versions of glob are not supported, and contain widely publicized security vulnerabilities, which have been fixed in the current version. Please update. Support for old versions may be purchased (at exorbitant rates) by contacting i@izs.me
#9 525.6 npm warn deprecated prebuild-install@7.1.3: No longer maintained. Please contact the author of the relevant native addon; alternatives are available.
#9 538.9 npm warn deprecated node-domexception@1.0.0: Use your platform's native DOMException instead
#9 604.2 
#9 604.2 added 443 packages, and audited 444 packages in 10m
#9 604.2 
#9 604.2 60 packages are looking for funding
#9 604.2   run `npm fund` for details
#9 604.2 
#9 604.2 found 0 vulnerabilities
#9 604.2 npm notice
#9 604.2 npm notice New major version of npm available! 10.8.2 -> 11.17.0
#9 604.2 npm notice Changelog: https://github.com/npm/cli/releases/tag/v11.17.0
#9 604.2 npm notice To update run: npm install -g npm@11.17.0
#9 604.2 npm notice
#9 DONE 607.3s

#10 [6/6] RUN npm run build:ts 2>/dev/null || true
#10 DONE 11.9s

#11 exporting to image
#11 exporting layers
#11 exporting layers 82.9s done
#11 exporting manifest sha256:f875bdc5ff177c661214cb006a0cfcd70712831d24b76aba8ea6931b4e0e37fb 0.1s done
#11 exporting config sha256:b45d9a3bdaecdffd3f9c24a5da3a6f5d6f4ec4e9041b558b63e90da91bd8251e
#11 exporting config sha256:b45d9a3bdaecdffd3f9c24a5da3a6f5d6f4ec4e9041b558b63e90da91bd8251e 0.3s done
#11 exporting attestation manifest sha256:3d26514053ced301d09234c500c6a19440440cc15bd0a0596292dae5c5d8e82d
#11 exporting attestation manifest sha256:3d26514053ced301d09234c500c6a19440440cc15bd0a0596292dae5c5d8e82d 0.2s done
#11 exporting manifest list sha256:772ad86fe283ca751f7336f2587d5d9b8162b1c9503cae4832838ed233cdeadf
#11 exporting manifest list sha256:772ad86fe283ca751f7336f2587d5d9b8162b1c9503cae4832838ed233cdeadf 0.1s done
#11 naming to docker.io/library/cic-ingestion:latest 0.0s done
#11 unpacking to docker.io/library/cic-ingestion:latest
#11 unpacking to docker.io/library/cic-ingestion:latest 62.5s done
#11 DONE 146.6s

View build details: docker-desktop://dashboard/build/desktop-linux/desktop-linux/troc5mlf5f4cxqihssdz2qhyc
